<?xml version="1.0" encoding="UTF-8"?>
<testsuite xmlns:xsi="http://www.w3.org/2001/XMLSchema-instance" xsi:noNamespaceSchemaLocation="https://maven.apache.org/surefire/maven-surefire-plugin/xsd/surefire-test-report.xsd" name="com.lagou.AppTest" time="0.032" tests="1" errors="0" skipped="0" failures="0">
  <properties>
    <property name="sun.desktop" value="windows"/>
    <property name="awt.toolkit" value="sun.awt.windows.WToolkit"/>
    <property name="java.specification.version" value="11"/>
    <property name="sun.cpu.isalist" value="amd64"/>
    <property name="sun.jnu.encoding" value="GBK"/>
    <property name="java.class.path" value="E:\ws\moduleOneWs\SxMybatis\target\test-classes;E:\ws\moduleOneWs\SxMybatis\target\classes;D:\SX_SOFT_INSTALL_PACKAGE\maven_local_repository\junit\junit\4.11\junit-4.11.jar;D:\SX_SOFT_INSTALL_PACKAGE\maven_local_repository\org\hamcrest\hamcrest-core\1.3\hamcrest-core-1.3.jar;D:\SX_SOFT_INSTALL_PACKAGE\maven_local_repository\mysql\mysql-connector-java\5.1.38\mysql-connector-java-5.1.38.jar;D:\SX_SOFT_INSTALL_PACKAGE\maven_local_repository\c3p0\c3p0\0.9.1.2\c3p0-0.9.1.2.jar;D:\SX_SOFT_INSTALL_PACKAGE\maven_local_repository\log4j\log4j\1.2.12\log4j-1.2.12.jar;D:\SX_SOFT_INSTALL_PACKAGE\maven_local_repository\dom4j\dom4j\1.6.1\dom4j-1.6.1.jar;D:\SX_SOFT_INSTALL_PACKAGE\maven_local_repository\xml-apis\xml-apis\1.0.b2\xml-apis-1.0.b2.jar;D:\SX_SOFT_INSTALL_PACKAGE\maven_local_repository\jaxen\jaxen\1.1.6\jaxen-1.1.6.jar;"/>
    <property name="java.vm.vendor" value="BellSoft"/>
    <property name="sun.arch.data.model" value="64"/>
    <property name="user.variant" value=""/>
    <property name="java.vendor.url" value="http://bell-sw.com/"/>
    <property name="user.timezone" value="Asia/Shanghai"/>
    <property name="java.vm.specification.version" value="11"/>
    <property name="os.name" value="Windows 10"/>
    <property name="sun.java.launcher" value="SUN_STANDARD"/>
    <property name="user.country" value="CN"/>
    <property name="sun.boot.library.path" value="C:\Program Files\BellSoft\LibericaJDK-11\bin"/>
    <property name="sun.java.command" value="C:\Users\sx\AppData\Local\Temp\surefire11585981348651132918\surefirebooter365342456543918545.jar C:\Users\sx\AppData\Local\Temp\surefire11585981348651132918 2020-05-21T17-37-28_088-jvmRun1 surefire3651861062643546581tmp surefire_06143533541750898151tmp"/>
    <property name="jdk.debug" value="release"/>
    <property name="surefire.test.class.path" value="E:\ws\moduleOneWs\SxMybatis\target\test-classes;E:\ws\moduleOneWs\SxMybatis\target\classes;D:\SX_SOFT_INSTALL_PACKAGE\maven_local_repository\junit\junit\4.11\junit-4.11.jar;D:\SX_SOFT_INSTALL_PACKAGE\maven_local_repository\org\hamcrest\hamcrest-core\1.3\hamcrest-core-1.3.jar;D:\SX_SOFT_INSTALL_PACKAGE\maven_local_repository\mysql\mysql-connector-java\5.1.38\mysql-connector-java-5.1.38.jar;D:\SX_SOFT_INSTALL_PACKAGE\maven_local_repository\c3p0\c3p0\0.9.1.2\c3p0-0.9.1.2.jar;D:\SX_SOFT_INSTALL_PACKAGE\maven_local_repository\log4j\log4j\1.2.12\log4j-1.2.12.jar;D:\SX_SOFT_INSTALL_PACKAGE\maven_local_repository\dom4j\dom4j\1.6.1\dom4j-1.6.1.jar;D:\SX_SOFT_INSTALL_PACKAGE\maven_local_repository\xml-apis\xml-apis\1.0.b2\xml-apis-1.0.b2.jar;D:\SX_SOFT_INSTALL_PACKAGE\maven_local_repository\jaxen\jaxen\1.1.6\jaxen-1.1.6.jar;"/>
    <property name="sun.cpu.endian" value="little"/>
    <property name="user.home" value="C:\Users\sx"/>
    <property name="user.language" value="zh"/>
    <property name="java.specification.vendor" value="Oracle Corporation"/>
    <property name="java.version.date" value="2019-10-15"/>
    <property name="java.home" value="C:\Program Files\BellSoft\LibericaJDK-11"/>
    <property name="file.separator" value="\"/>
    <property name="basedir" value="E:\ws\moduleOneWs\SxMybatis"/>
    <property name="java.vm.compressedOopsMode" value="Zero based"/>
    <property name="line.separator" value="&#10;"/>
    <property name="java.specification.name" value="Java Platform API Specification"/>
    <property name="java.vm.specification.vendor" value="Oracle Corporation"/>
    <property name="java.awt.graphicsenv" value="sun.awt.Win32GraphicsEnvironment"/>
    <property name="surefire.real.class.path" value="C:\Users\sx\AppData\Local\Temp\surefire11585981348651132918\surefirebooter365342456543918545.jar"/>
    <property name="user.script" value=""/>
    <property name="sun.management.compiler" value="HotSpot 64-Bit Tiered Compilers"/>
    <property name="java.runtime.version" value="11.0.5-BellSoft+11"/>
    <property name="user.name" value="sx"/>
    <property name="path.separator" value=";"/>
    <property name="os.version" value="10.0"/>
    <property name="java.runtime.name" value="OpenJDK Runtime Environment"/>
    <property name="file.encoding" value="GBK"/>
    <property name="java.vm.name" value="OpenJDK 64-Bit Server VM"/>
    <property name="localRepository" value="D:\SX_SOFT_INSTALL_PACKAGE\maven_local_repository"/>
    <property name="java.vendor.url.bug" value="https://bugs.openjdk.java.net"/>
    <property name="java.io.tmpdir" value="C:\Users\sx\AppData\Local\Temp\"/>
    <property name="java.version" value="11.0.5-BellSoft"/>
    <property name="user.dir" value="E:\ws\moduleOneWs\SxMybatis"/>
    <property name="os.arch" value="amd64"/>
    <property name="java.vm.specification.name" value="Java Virtual Machine Specification"/>
    <property name="java.awt.printerjob" value="sun.awt.windows.WPrinterJob"/>
    <property name="sun.os.patch.level" value=""/>
    <property name="java.library.path" value="C:\Program Files\BellSoft\LibericaJDK-11\bin;C:\Windows\Sun\Java\bin;C:\Windows\system32;C:\Windows;D:\Program Files\JetBrains\IntelliJ IDEA 2019.1.4\jre64\\bin;D:\Program Files\JetBrains\IntelliJ IDEA 2019.1.4\jre64\\bin\server;C:\Program Files\BellSoft\LibericaJDK-11\bin\;C:\Program Files\Java\jdk1.7.0_80\bin;C:\Program Files\Java\jdk1.8.0_151\bin;C:\Program Files (x86)\Common Files\Oracle\Java\javapath;C:\Windows\system32;C:\Windows;C:\Windows\System32\Wbem;C:\Windows\System32\WindowsPowerShell\v1.0\;C:\Program Files\MySQL\MySQL Server 5.5\bin;C:\Windows\System32\OpenSSH\;E:\SX_SOFT_INSTALL_PACKAGE\dev_install_package\gradle-4.6\bin;D:\SX_SOFT_INSTALL_PACKAGE\dev_install_package\Maven\apache-maven-3.6.0-bin\apache-maven-3.6.0\bin;C:\Users\sx\Anaconda3;C:\Users\sx\Anaconda3\Library\bin;C:\Users\sx\Anaconda3\Scripts;D:\Program Files\Git\cmd;C:\Program Files\TortoiseGit\bin;C:\Program Files\MySQL\MySQL Server 5.7\bin;C:\Users\sx\AppData\Local\Microsoft\WindowsApps;;C:\Program Files\JetBrains\IntelliJ IDEA 2018.3.3\bin;;."/>
    <property name="idea.version2019.1.4" value="true"/>
    <property name="java.vendor" value="BellSoft"/>
    <property name="java.vm.info" value="mixed mode"/>
    <property name="java.vm.version" value="11.0.5-BellSoft+11"/>
    <property name="sun.io.unicode.encoding" value="UnicodeLittle"/>
    <property name="maven.repo.local" value="D:\SX_SOFT_INSTALL_PACKAGE\maven_local_repository"/>
    <property name="java.class.version" value="55.0"/>
  </properties>
  <testcase name="shouldAnswerWithTrue" classname="com.lagou.AppTest" time="0.002"/>
</testsuite>